[debug] [2021-08-29T06:48:56.506Z] ----------------------------------------------------------------------
[debug] [2021-08-29T06:48:56.509Z] Command:       /usr/local/bin/node /usr/local/bin/firebase emulators:start
[debug] [2021-08-29T06:48:56.510Z] CLI Version:   9.16.0
[debug] [2021-08-29T06:48:56.510Z] Platform:      darwin
[debug] [2021-08-29T06:48:56.510Z] Node Version:  v15.2.1
[debug] [2021-08-29T06:48:56.516Z] Time:          Sun Aug 29 2021 14:48:56 GMT+0800 (Taipei Standard Time)
[debug] [2021-08-29T06:48:56.518Z] ----------------------------------------------------------------------
[debug] 
[debug] [2021-08-29T06:48:56.623Z] > command requires scopes: ["email","openid","https://www.googleapis.com/auth/cloudplatformprojects.readonly","https://www.googleapis.com/auth/firebase","https://www.googleapis.com/auth/cloud-platform"]
[debug] [2021-08-29T06:48:56.623Z] > authorizing via signed-in user (im.kaiyu@gmail.com)
[info] i  emulators: Starting emulators: auth, functions, firestore {"metadata":{"emulator":{"name":"hub"},"message":"Starting emulators: auth, functions, firestore"}}
[debug] [2021-08-29T06:48:56.663Z] [hub] writing locator at /var/folders/wl/dfjwwy6j5bxd22y95c1k72sw0000gn/T/hub-inteligir.json
[warn] ⚠  functions: The following emulators are not running, calls to these services from the Functions emulator will affect production: database, hosting, pubsub, storage {"metadata":{"emulator":{"name":"functions"},"message":"The following emulators are not running, calls to these services from the Functions emulator will affect production: \u001b[1mdatabase, hosting, pubsub, storage\u001b[22m"}}
[warn] ⚠  Your requested "node" version "14" doesn't match your global version "15" {"metadata":{"emulator":{"name":"functions"},"message":"Your requested \"node\" version \"14\" doesn't match your global version \"15\""}}
[debug] [2021-08-29T06:48:56.755Z] defaultcredentials: writing to file /Users/kaiyuhsu/.config/firebase/im_kaiyu_gmail.com_application_default_credentials.json
[debug] [2021-08-29T06:48:56.812Z] Setting GAC to /Users/kaiyuhsu/.config/firebase/im_kaiyu_gmail.com_application_default_credentials.json {"metadata":{"emulator":{"name":"functions"},"message":"Setting GAC to /Users/kaiyuhsu/.config/firebase/im_kaiyu_gmail.com_application_default_credentials.json"}}
[debug] [2021-08-29T06:48:56.814Z] > refreshing access token with scopes: []
[debug] [2021-08-29T06:48:56.814Z] >>> HTTP REQUEST POST https://www.googleapis.com/oauth2/v3/token  
 <request body omitted>
[debug] [2021-08-29T06:48:56.910Z] <<< HTTP RESPONSE 200 {"cache-control":"no-cache, no-store, max-age=0, must-revalidate","date":"Sun, 29 Aug 2021 06:48:56 GMT","pragma":"no-cache","expires":"Mon, 01 Jan 1990 00:00:00 GMT","content-type":"application/json; charset=utf-8","vary":"X-Origin, Referer, Origin,Accept-Encoding","server":"scaffolding on HTTPServer2","x-xss-protection":"0","x-frame-options":"SAMEORIGIN","x-content-type-options":"nosniff","alt-svc":"h3=\":443\"; ma=2592000,h3-29=\":443\"; ma=2592000,h3-T051=\":443\"; ma=2592000,h3-Q050=\":443\"; ma=2592000,h3-Q046=\":443\"; ma=2592000,h3-Q043=\":443\"; ma=2592000,quic=\":443\"; ma=2592000; v=\"46,43\"","accept-ranges":"none","transfer-encoding":"chunked"}
[debug] [2021-08-29T06:48:56.936Z] >>> [apiv2][query] GET https://firebase.googleapis.com/v1beta1/projects/inteligir/adminSdkConfig [none]
[debug] [2021-08-29T06:48:57.847Z] <<< [apiv2][status] GET https://firebase.googleapis.com/v1beta1/projects/inteligir/adminSdkConfig 403
[debug] [2021-08-29T06:48:57.847Z] <<< [apiv2][body] GET https://firebase.googleapis.com/v1beta1/projects/inteligir/adminSdkConfig {"error":{"code":403,"message":"The caller does not have permission","status":"PERMISSION_DENIED"}}
[debug] [2021-08-29T06:48:57.848Z] Failed to get Admin SDK config for inteligir, falling back to cache Failed to get Admin SDK for Firebase project inteligir. Please make sure the project exists and your account has permission to access it. {"name":"FirebaseError","children":[],"exit":2,"message":"Failed to get Admin SDK for Firebase project inteligir. Please make sure the project exists and your account has permission to access it.","original":{"name":"FirebaseError","children":[],"context":{"body":{"error":{"code":403,"message":"The caller does not have permission","status":"PERMISSION_DENIED"}},"response":{"statusCode":403}},"exit":1,"message":"HTTP Error: 403, The caller does not have permission","status":403},"status":500}
[warn] ⚠  functions: Unable to fetch project Admin SDK configuration, Admin SDK behavior in Cloud Functions emulator may be incorrect. {"metadata":{"emulator":{"name":"functions"},"message":"Unable to fetch project Admin SDK configuration, Admin SDK behavior in Cloud Functions emulator may be incorrect."}}
[debug] [2021-08-29T06:48:57.860Z] Ignoring unsupported arg: projectId {"metadata":{"emulator":{"name":"firestore"},"message":"Ignoring unsupported arg: projectId"}}
[debug] [2021-08-29T06:48:57.860Z] Ignoring unsupported arg: auto_download {"metadata":{"emulator":{"name":"firestore"},"message":"Ignoring unsupported arg: auto_download"}}
[debug] [2021-08-29T06:48:57.860Z] Starting Firestore Emulator with command {"binary":"java","args":["-Dgoogle.cloud_firestore.debug_log_level=FINE","-Duser.language=en","-jar","/Users/kaiyuhsu/.cache/firebase/emulators/cloud-firestore-emulator-v1.13.1.jar","--host","localhost","--port",8080,"--rules","/Users/kaiyuhsu/Documents/projects/inteligir/app/firebase/firestore.rules","--functions_emulator","localhost:5001"],"optionalArgs":["port","webchannel_port","host","rules","functions_emulator","seed_from_export"],"joinArgs":false} {"metadata":{"emulator":{"name":"firestore"},"message":"Starting Firestore Emulator with command {\"binary\":\"java\",\"args\":[\"-Dgoogle.cloud_firestore.debug_log_level=FINE\",\"-Duser.language=en\",\"-jar\",\"/Users/kaiyuhsu/.cache/firebase/emulators/cloud-firestore-emulator-v1.13.1.jar\",\"--host\",\"localhost\",\"--port\",8080,\"--rules\",\"/Users/kaiyuhsu/Documents/projects/inteligir/app/firebase/firestore.rules\",\"--functions_emulator\",\"localhost:5001\"],\"optionalArgs\":[\"port\",\"webchannel_port\",\"host\",\"rules\",\"functions_emulator\",\"seed_from_export\"],\"joinArgs\":false}"}}
[info] i  firestore: Firestore Emulator logging to firestore-debug.log {"metadata":{"emulator":{"name":"firestore"},"message":"Firestore Emulator logging to \u001b[1mfirestore-debug.log\u001b[22m"}}
[debug] [2021-08-29T06:49:05.288Z] Aug 29, 2021 2:49:05 PM com.google.cloud.datastore.emulator.firestore.websocket.WebSocketServer start
INFO: Started WebSocket server on ws://localhost:59696
 {"metadata":{"emulator":{"name":"firestore"},"message":"Aug 29, 2021 2:49:05 PM com.google.cloud.datastore.emulator.firestore.websocket.WebSocketServer start\nINFO: Started WebSocket server on ws://localhost:59696\n"}}
[debug] [2021-08-29T06:49:05.323Z] API endpoint: http://localhost:8080
If you are using a library that supports the FIRESTORE_EMULATOR_HOST environment variable, run:

   export FIRESTORE_EMULATOR_HOST=localhost:8080

Dev App Server is now running.

 {"metadata":{"emulator":{"name":"firestore"},"message":"API endpoint: http://localhost:8080\nIf you are using a library that supports the FIRESTORE_EMULATOR_HOST environment variable, run:\n\n   export FIRESTORE_EMULATOR_HOST=localhost:8080\n\nDev App Server is now running.\n\n"}}
[debug] [2021-08-29T06:49:09.394Z] Ignoring unsupported arg: auto_download {"metadata":{"emulator":{"name":"ui"},"message":"Ignoring unsupported arg: auto_download"}}
[debug] [2021-08-29T06:49:09.394Z] Ignoring unsupported arg: port {"metadata":{"emulator":{"name":"ui"},"message":"Ignoring unsupported arg: port"}}
[debug] [2021-08-29T06:49:09.395Z] Starting Emulator UI with command {"binary":"node","args":["/Users/kaiyuhsu/.cache/firebase/emulators/ui-v1.6.0/server.bundle.js"],"optionalArgs":[],"joinArgs":false} {"metadata":{"emulator":{"name":"ui"},"message":"Starting Emulator UI with command {\"binary\":\"node\",\"args\":[\"/Users/kaiyuhsu/.cache/firebase/emulators/ui-v1.6.0/server.bundle.js\"],\"optionalArgs\":[],\"joinArgs\":false}"}}
[info] i  ui: Emulator UI logging to ui-debug.log {"metadata":{"emulator":{"name":"ui"},"message":"Emulator UI logging to \u001b[1mui-debug.log\u001b[22m"}}
[debug] [2021-08-29T06:49:09.625Z] Web / API server started at localhost:4000
 {"metadata":{"emulator":{"name":"ui"},"message":"Web / API server started at localhost:4000\n"}}
[info] i  functions: Watching "/Users/kaiyuhsu/Documents/projects/inteligir/app/firebase/functions" for Cloud Functions... {"metadata":{"emulator":{"name":"functions"},"message":"Watching \"/Users/kaiyuhsu/Documents/projects/inteligir/app/firebase/functions\" for Cloud Functions..."}}
[debug] [2021-08-29T06:49:09.715Z] [worker-pool] addWorker(~diagnostic~) {"metadata":{"emulator":{"name":"functions"},"message":"[worker-pool] addWorker(~diagnostic~)"}}
[debug] [2021-08-29T06:49:09.715Z] [worker-pool] Adding worker with key ~diagnostic~, total=1 {"metadata":{"emulator":{"name":"functions"},"message":"[worker-pool] Adding worker with key ~diagnostic~, total=1"}}
[debug] [2021-08-29T06:49:09.716Z] [worker-pool] submitWork(triggerId=) {"metadata":{"emulator":{"name":"functions"},"message":"[worker-pool] submitWork(triggerId=)"}}
[debug] [2021-08-29T06:49:09.722Z] [worker-~diagnostic~-371041c4-3519-4f6e-b184-8f305e00ccf9]: Assigning socketPath: /var/folders/wl/dfjwwy6j5bxd22y95c1k72sw0000gn/T/fire_emu_15516.sock {"metadata":{"emulator":{"name":"functions"},"message":"[worker-~diagnostic~-371041c4-3519-4f6e-b184-8f305e00ccf9]: Assigning socketPath: /var/folders/wl/dfjwwy6j5bxd22y95c1k72sw0000gn/T/fire_emu_15516.sock"}}
[debug] [2021-08-29T06:49:09.724Z] [worker-~diagnostic~-371041c4-3519-4f6e-b184-8f305e00ccf9]: BUSY {"metadata":{"emulator":{"name":"functions"},"message":"[worker-~diagnostic~-371041c4-3519-4f6e-b184-8f305e00ccf9]: BUSY"}}
[debug] [2021-08-29T06:49:09.989Z] [runtime-status] [15516] Functions runtime initialized. {"cwd":"/Users/kaiyuhsu/Documents/projects/inteligir/app/firebase/functions","node_version":"15.2.1"} {"metadata":{"emulator":{"name":"functions"},"message":"[runtime-status] [15516] Functions runtime initialized. {\"cwd\":\"/Users/kaiyuhsu/Documents/projects/inteligir/app/firebase/functions\",\"node_version\":\"15.2.1\"}"}}
[debug] [2021-08-29T06:49:09.989Z] [runtime-status] [15516] Disabled runtime features: undefined {"metadata":{"emulator":{"name":"functions"},"message":"[runtime-status] [15516] Disabled runtime features: undefined"}}
[debug] [2021-08-29T06:49:10.001Z] [runtime-status] [15516] Resolved module firebase-admin {"declared":true,"installed":true,"version":"9.10.0","resolution":"/Users/kaiyuhsu/Documents/projects/inteligir/app/firebase/functions/node_modules/firebase-admin/lib/index.js"} {"metadata":{"emulator":{"name":"functions"},"message":"[runtime-status] [15516] Resolved module firebase-admin {\"declared\":true,\"installed\":true,\"version\":\"9.10.0\",\"resolution\":\"/Users/kaiyuhsu/Documents/projects/inteligir/app/firebase/functions/node_modules/firebase-admin/lib/index.js\"}"}}
[debug] [2021-08-29T06:49:10.009Z] [runtime-status] [15516] Resolved module firebase-functions {"declared":true,"installed":true,"version":"3.14.1","resolution":"/Users/kaiyuhsu/Documents/projects/inteligir/app/firebase/functions/node_modules/firebase-functions/lib/index.js"} {"metadata":{"emulator":{"name":"functions"},"message":"[runtime-status] [15516] Resolved module firebase-functions {\"declared\":true,\"installed\":true,\"version\":\"3.14.1\",\"resolution\":\"/Users/kaiyuhsu/Documents/projects/inteligir/app/firebase/functions/node_modules/firebase-functions/lib/index.js\"}"}}
[debug] [2021-08-29T06:49:10.014Z] [runtime-status] [15516] Resolved module firebase-functions {"declared":true,"installed":true,"version":"3.14.1","resolution":"/Users/kaiyuhsu/Documents/projects/inteligir/app/firebase/functions/node_modules/firebase-functions/lib/index.js"} {"metadata":{"emulator":{"name":"functions"},"message":"[runtime-status] [15516] Resolved module firebase-functions {\"declared\":true,\"installed\":true,\"version\":\"3.14.1\",\"resolution\":\"/Users/kaiyuhsu/Documents/projects/inteligir/app/firebase/functions/node_modules/firebase-functions/lib/index.js\"}"}}
[debug] [2021-08-29T06:49:10.015Z] [runtime-status] [15516] Outgoing network have been stubbed. [{"name":"http","status":"mocked"},{"name":"http","status":"mocked"},{"name":"https","status":"mocked"},{"name":"https","status":"mocked"},{"name":"net","status":"mocked"}] {"metadata":{"emulator":{"name":"functions"},"message":"[runtime-status] [15516] Outgoing network have been stubbed. [{\"name\":\"http\",\"status\":\"mocked\"},{\"name\":\"http\",\"status\":\"mocked\"},{\"name\":\"https\",\"status\":\"mocked\"},{\"name\":\"https\",\"status\":\"mocked\"},{\"name\":\"net\",\"status\":\"mocked\"}]"}}
[debug] [2021-08-29T06:49:10.015Z] [runtime-status] [15516] Resolved module firebase-functions {"declared":true,"installed":true,"version":"3.14.1","resolution":"/Users/kaiyuhsu/Documents/projects/inteligir/app/firebase/functions/node_modules/firebase-functions/lib/index.js"} {"metadata":{"emulator":{"name":"functions"},"message":"[runtime-status] [15516] Resolved module firebase-functions {\"declared\":true,\"installed\":true,\"version\":\"3.14.1\",\"resolution\":\"/Users/kaiyuhsu/Documents/projects/inteligir/app/firebase/functions/node_modules/firebase-functions/lib/index.js\"}"}}
[debug] [2021-08-29T06:49:10.138Z] [runtime-status] [15516] Checked functions.config() {"config":{}} {"metadata":{"emulator":{"name":"functions"},"message":"[runtime-status] [15516] Checked functions.config() {\"config\":{}}"}}
[debug] [2021-08-29T06:49:10.138Z] [runtime-status] [15516] firebase-functions has been stubbed. {"functionsResolution":{"declared":true,"installed":true,"version":"3.14.1","resolution":"/Users/kaiyuhsu/Documents/projects/inteligir/app/firebase/functions/node_modules/firebase-functions/lib/index.js"}} {"metadata":{"emulator":{"name":"functions"},"message":"[runtime-status] [15516] firebase-functions has been stubbed. {\"functionsResolution\":{\"declared\":true,\"installed\":true,\"version\":\"3.14.1\",\"resolution\":\"/Users/kaiyuhsu/Documents/projects/inteligir/app/firebase/functions/node_modules/firebase-functions/lib/index.js\"}}"}}
[debug] [2021-08-29T06:49:10.139Z] [runtime-status] [15516] Resolved module firebase-functions {"declared":true,"installed":true,"version":"3.14.1","resolution":"/Users/kaiyuhsu/Documents/projects/inteligir/app/firebase/functions/node_modules/firebase-functions/lib/index.js"} {"metadata":{"emulator":{"name":"functions"},"message":"[runtime-status] [15516] Resolved module firebase-functions {\"declared\":true,\"installed\":true,\"version\":\"3.14.1\",\"resolution\":\"/Users/kaiyuhsu/Documents/projects/inteligir/app/firebase/functions/node_modules/firebase-functions/lib/index.js\"}"}}
[debug] [2021-08-29T06:49:10.143Z] [runtime-status] [15516] Resolved module firebase-admin {"declared":true,"installed":true,"version":"9.10.0","resolution":"/Users/kaiyuhsu/Documents/projects/inteligir/app/firebase/functions/node_modules/firebase-admin/lib/index.js"} {"metadata":{"emulator":{"name":"functions"},"message":"[runtime-status] [15516] Resolved module firebase-admin {\"declared\":true,\"installed\":true,\"version\":\"9.10.0\",\"resolution\":\"/Users/kaiyuhsu/Documents/projects/inteligir/app/firebase/functions/node_modules/firebase-admin/lib/index.js\"}"}}
[debug] [2021-08-29T06:49:10.144Z] [runtime-status] [15516] Resolved module firebase-functions {"declared":true,"installed":true,"version":"3.14.1","resolution":"/Users/kaiyuhsu/Documents/projects/inteligir/app/firebase/functions/node_modules/firebase-functions/lib/index.js"} {"metadata":{"emulator":{"name":"functions"},"message":"[runtime-status] [15516] Resolved module firebase-functions {\"declared\":true,\"installed\":true,\"version\":\"3.14.1\",\"resolution\":\"/Users/kaiyuhsu/Documents/projects/inteligir/app/firebase/functions/node_modules/firebase-functions/lib/index.js\"}"}}
[debug] [2021-08-29T06:49:10.144Z] [runtime-status] [15516] firebase-admin has been stubbed. {"adminResolution":{"declared":true,"installed":true,"version":"9.10.0","resolution":"/Users/kaiyuhsu/Documents/projects/inteligir/app/firebase/functions/node_modules/firebase-admin/lib/index.js"}} {"metadata":{"emulator":{"name":"functions"},"message":"[runtime-status] [15516] firebase-admin has been stubbed. {\"adminResolution\":{\"declared\":true,\"installed\":true,\"version\":\"9.10.0\",\"resolution\":\"/Users/kaiyuhsu/Documents/projects/inteligir/app/firebase/functions/node_modules/firebase-admin/lib/index.js\"}}"}}
[warn] ⚠  It looks like you're trying to access functions.config().firebase but there is no value there. You can learn more about setting up config here: https://firebase.google.com/docs/functions/local-emulator {"metadata":{"emulator":{"name":"functions"},"message":"It looks like you're trying to access functions.config().firebase but there is no value there. You can learn more about setting up config here: https://firebase.google.com/docs/functions/local-emulator"}}
[debug] [2021-08-29T06:49:10.146Z] [runtime-status] [15516] initializeApp(DEFAULT) {"storageBucket":"inteligir.appspot.com","databaseURL":"https://inteligir.firebaseio.com","projectId":"inteligir"} {"metadata":{"emulator":{"name":"functions"},"message":"[runtime-status] [15516] initializeApp(DEFAULT) {\"storageBucket\":\"inteligir.appspot.com\",\"databaseURL\":\"https://inteligir.firebaseio.com\",\"projectId\":\"inteligir\"}"}}
[debug] [2021-08-29T06:49:10.154Z] [worker-~diagnostic~-371041c4-3519-4f6e-b184-8f305e00ccf9]: IDLE {"metadata":{"emulator":{"name":"functions"},"message":"[worker-~diagnostic~-371041c4-3519-4f6e-b184-8f305e00ccf9]: IDLE"}}
[debug] [2021-08-29T06:49:10.155Z] addFirestoreTrigger "{\"eventTrigger\":{\"resource\":\"projects/inteligir/databases/(default)/documents/lessonLikes/{lessonLikeId}\",\"eventType\":\"providers/cloud.firestore/eventTypes/document.write\",\"service\":\"firestore.googleapis.com\"}}"
[debug] [2021-08-29T06:49:10.155Z] >>> HTTP REQUEST PUT http://localhost:8080/emulator/v1/projects/inteligir/triggers/us-central1-updateLessonLikeCount-0  
 {"eventTrigger":{"resource":"projects/inteligir/databases/(default)/documents/lessonLikes/{lessonLikeId}","eventType":"providers/cloud.firestore/eventTypes/document.write","service":"firestore.googleapis.com"}}
[debug] [2021-08-29T06:49:10.174Z] Aug 29, 2021 2:49:10 PM io.gapi.emulators.netty.HttpVersionRoutingHandler channelRead
INFO: Detected non-HTTP/2 connection.
 {"metadata":{"emulator":{"name":"firestore"},"message":"Aug 29, 2021 2:49:10 PM io.gapi.emulators.netty.HttpVersionRoutingHandler channelRead\nINFO: Detected non-HTTP/2 connection.\n"}}
[debug] [2021-08-29T06:49:10.695Z] Aug 29, 2021 2:49:10 PM io.gapi.emulators.netty.HttpVersionRoutingHandler channelRead
INFO: Detected HTTP/2 connection.
 {"metadata":{"emulator":{"name":"firestore"},"message":"Aug 29, 2021 2:49:10 PM io.gapi.emulators.netty.HttpVersionRoutingHandler channelRead\nINFO: Detected HTTP/2 connection.\n"}}
[debug] [2021-08-29T06:49:12.274Z] <<< HTTP RESPONSE 200 {"content-type":"application/json","content-length":"4"}
[info] ✔  functions[us-central1-updateLessonLikeCount]: firestore function initialized. {"metadata":{"emulator":{"name":"functions"},"message":"\u001b[1mfirestore\u001b[22m function initialized."}}
[debug] [2021-08-29T06:49:12.275Z] addFirestoreTrigger "{\"eventTrigger\":{\"resource\":\"projects/inteligir/databases/(default)/documents/lessonFlags/{lessonFlagId}\",\"eventType\":\"providers/cloud.firestore/eventTypes/document.write\",\"service\":\"firestore.googleapis.com\"}}"
[debug] [2021-08-29T06:49:12.275Z] >>> HTTP REQUEST PUT http://localhost:8080/emulator/v1/projects/inteligir/triggers/us-central1-updateLessonFlag-0  
 {"eventTrigger":{"resource":"projects/inteligir/databases/(default)/documents/lessonFlags/{lessonFlagId}","eventType":"providers/cloud.firestore/eventTypes/document.write","service":"firestore.googleapis.com"}}
[debug] [2021-08-29T06:49:12.307Z] Aug 29, 2021 2:49:12 PM io.gapi.emulators.netty.HttpVersionRoutingHandler channelRead
INFO: Detected non-HTTP/2 connection.
 {"metadata":{"emulator":{"name":"firestore"},"message":"Aug 29, 2021 2:49:12 PM io.gapi.emulators.netty.HttpVersionRoutingHandler channelRead\nINFO: Detected non-HTTP/2 connection.\n"}}
[debug] [2021-08-29T06:49:12.322Z] <<< HTTP RESPONSE 200 {"content-type":"application/json","content-length":"4"}
[info] ✔  functions[us-central1-updateLessonFlag]: firestore function initialized. {"metadata":{"emulator":{"name":"functions"},"message":"\u001b[1mfirestore\u001b[22m function initialized."}}
[info] 
┌─────────────────────────────────────────────────────────────┐
│ ✔  All emulators ready! It is now safe to connect your app. │
│ i  View Emulator UI at http://localhost:4000                │
└─────────────────────────────────────────────────────────────┘

┌────────────────┬────────────────┬─────────────────────────────────┐
│ Emulator       │ Host:Port      │ View in Emulator UI             │
├────────────────┼────────────────┼─────────────────────────────────┤
│ Authentication │ localhost:9099 │ http://localhost:4000/auth      │
├────────────────┼────────────────┼─────────────────────────────────┤
│ Functions      │ localhost:5001 │ http://localhost:4000/functions │
├────────────────┼────────────────┼─────────────────────────────────┤
│ Firestore      │ localhost:8080 │ http://localhost:4000/firestore │
└────────────────┴────────────────┴─────────────────────────────────┘
  Emulator Hub running at localhost:4400
  Other reserved ports: 4500

Issues? Report them at https://github.com/firebase/firebase-tools/issues and attach the *-debug.log files.
 
